Determining if the pthread_create exist failed with the following output:
Change Dir: /home/vladimir/CLionProjects/TDD/cmake-build-debug/CMakeFiles/CMakeTmp

Run Build Command:"/usr/bin/make" "cmTC_e9014/fast"
/usr/bin/make -f CMakeFiles/cmTC_e9014.dir/build.make CMakeFiles/cmTC_e9014.dir/build
make[1]: Entering directory '/home/vladimir/CLionProjects/TDD/cmake-build-debug/CMakeFiles/CMakeTmp'
Building C object CMakeFiles/cmTC_e9014.dir/CheckSymbolExists.c.o
/usr/bin/cc    -o CMakeFiles/cmTC_e9014.dir/CheckSymbolExists.c.o   -c /home/vladimir/CLionProjects/TDD/cmake-build-debug/CMakeFiles/CMakeTmp/CheckSymbolExists.c
Linking C executable cmTC_e9014
/home/vladimir/Workspace/clion-2017.2.2/bin/cmake/bin/cmake -E cmake_link_script CMakeFiles/cmTC_e9014.dir/link.txt --verbose=1
/usr/bin/cc      CMakeFiles/cmTC_e9014.dir/CheckSymbolExists.c.o  -o cmTC_e9014 
CMakeFiles/cmTC_e9014.dir/CheckSymbolExists.c.o: In function `main':
CheckSymbolExists.c:(.text+0x16): undefined reference to `pthread_create'
collect2: error: ld returned 1 exit status
CMakeFiles/cmTC_e9014.dir/build.make:97: recipe for target 'cmTC_e9014' failed
make[1]: *** [cmTC_e9014] Error 1
make[1]: Leaving directory '/home/vladimir/CLionProjects/TDD/cmake-build-debug/CMakeFiles/CMakeTmp'
Makefile:126: recipe for target 'cmTC_e9014/fast' failed
make: *** [cmTC_e9014/fast] Error 2

File /home/vladimir/CLionProjects/TDD/cmake-build-debug/CMakeFiles/CMakeTmp/CheckSymbolExists.c:
/* */
#include <pthread.h>

int main(int argc, char** argv)
{
  (void)argv;
#ifndef pthread_create
  return ((int*)(&pthread_create))[argc];
#else
  (void)argc;
  return 0;
#endif
}

Determining if the function pthread_create exists in the pthreads failed with the following output:
Change Dir: /home/vladimir/CLionProjects/TDD/cmake-build-debug/CMakeFiles/CMakeTmp

Run Build Command:"/usr/bin/make" "cmTC_dbbcb/fast"
/usr/bin/make -f CMakeFiles/cmTC_dbbcb.dir/build.make CMakeFiles/cmTC_dbbcb.dir/build
make[1]: Entering directory '/home/vladimir/CLionProjects/TDD/cmake-build-debug/CMakeFiles/CMakeTmp'
Building C object CMakeFiles/cmTC_dbbcb.dir/CheckFunctionExists.c.o
/usr/bin/cc   -DCHECK_FUNCTION_EXISTS=pthread_create   -o CMakeFiles/cmTC_dbbcb.dir/CheckFunctionExists.c.o   -c /home/vladimir/Workspace/clion-2017.2.2/bin/cmake/share/cmake-3.9/Modules/CheckFunctionExists.c
Linking C executable cmTC_dbbcb
/home/vladimir/Workspace/clion-2017.2.2/bin/cmake/bin/cmake -E cmake_link_script CMakeFiles/cmTC_dbbcb.dir/link.txt --verbose=1
/usr/bin/cc  -DCHECK_FUNCTION_EXISTS=pthread_create    CMakeFiles/cmTC_dbbcb.dir/CheckFunctionExists.c.o  -o cmTC_dbbcb -lpthreads 
/usr/bin/ld: cannot find -lpthreads
collect2: error: ld returned 1 exit status
CMakeFiles/cmTC_dbbcb.dir/build.make:97: recipe for target 'cmTC_dbbcb' failed
make[1]: *** [cmTC_dbbcb] Error 1
make[1]: Leaving directory '/home/vladimir/CLionProjects/TDD/cmake-build-debug/CMakeFiles/CMakeTmp'
Makefile:126: recipe for target 'cmTC_dbbcb/fast' failed
make: *** [cmTC_dbbcb/fast] Error 2


